Flow report for traffic_lights
Sun May 17 00:17:16 2020
Quartus Prime Version 18.1.0 Build 625 09/12/2018 SJ Lite Edition


---------------------
; Table of Contents ;
---------------------
  1. Legal Notice
  2. Flow Summary
  3. Flow Settings
  4. Flow Non-Default Global Settings
  5. Flow Elapsed Time
  6. Flow OS Summary
  7. Flow Log
  8. Flow Messages
  9. Flow Suppressed Messages



----------------
; Legal Notice ;
----------------
Copyright (C) 2018  Intel Corporation. All rights reserved.
Your use of Intel Corporation's design tools, logic functions 
and other software and tools, and its AMPP partner logic 
functions, and any output files from any of the foregoing 
(including device programming or simulation files), and any 
associated documentation or information are expressly subject 
to the terms and conditions of the Intel Program License 
Subscription Agreement, the Intel Quartus Prime License Agreement,
the Intel FPGA IP License Agreement, or other applicable license
agreement, including, without limitation, that your use is for
the sole purpose of programming logic devices manufactured by
Intel and sold by Intel or its authorized distributors.  Please
refer to the applicable agreement for further details.



+----------------------------------------------------------------------------------+
; Flow Summary                                                                     ;
+------------------------------------+---------------------------------------------+
; Flow Status                        ; Successful - Sun May 17 00:17:16 2020       ;
; Quartus Prime Version              ; 18.1.0 Build 625 09/12/2018 SJ Lite Edition ;
; Revision Name                      ; traffic_lights                              ;
; Top-level Entity Name              ; toplevel                                    ;
; Family                             ; MAX 10                                      ;
; Device                             ; 10M50DAF484C7G                              ;
; Timing Models                      ; Final                                       ;
; Total logic elements               ; 2,183 / 49,760 ( 4 % )                      ;
;     Total combinational functions  ; 2,015 / 49,760 ( 4 % )                      ;
;     Dedicated logic registers      ; 1,180 / 49,760 ( 2 % )                      ;
; Total registers                    ; 1180                                        ;
; Total pins                         ; 63 / 360 ( 18 % )                           ;
; Total virtual pins                 ; 0                                           ;
; Total memory bits                  ; 651,264 / 1,677,312 ( 39 % )                ;
; Embedded Multiplier 9-bit elements ; 0 / 288 ( 0 % )                             ;
; Total PLLs                         ; 0 / 4 ( 0 % )                               ;
; UFM blocks                         ; 0 / 1 ( 0 % )                               ;
; ADC blocks                         ; 0 / 2 ( 0 % )                               ;
+------------------------------------+---------------------------------------------+


+-----------------------------------------+
; Flow Settings                           ;
+-------------------+---------------------+
; Option            ; Setting             ;
+-------------------+---------------------+
; Start date & time ; 05/17/2020 00:15:59 ;
; Main task         ; Compilation         ;
; Revision Name     ; traffic_lights      ;
+-------------------+---------------------+


+-----------------------------------------------------------------------------------------------------------------------------------------------------+
; Flow Non-Default Global Settings                                                                                                                    ;
+-------------------------------------+-----------------------------------------------------------------+----------------+---------------+------------+
; Assignment Name                     ; Value                                                           ; Default Value  ; Entity Name   ; Section Id ;
+-------------------------------------+-----------------------------------------------------------------+----------------+---------------+------------+
; COMPILER_SIGNATURE_ID               ; 88750193771171.158968535903306                                  ; --             ; --            ; --         ;
; EDA_SIMULATION_TOOL                 ; ModelSim-Altera (Verilog)                                       ; <None>         ; --            ; --         ;
; MAX_CORE_JUNCTION_TEMP              ; 85                                                              ; --             ; --            ; --         ;
; MIN_CORE_JUNCTION_TEMP              ; 0                                                               ; --             ; --            ; --         ;
; MISC_FILE                           ; traffic_light/synthesis/../traffic_light.cmp                    ; --             ; --            ; --         ;
; MISC_FILE                           ; traffic_light/synthesis/../../traffic_light.qsys                ; --             ; --            ; --         ;
; OUTPUT_IO_TIMING_FAR_END_VMEAS      ; Half Signal Swing                                               ; --             ; --            ; --         ;
; OUTPUT_IO_TIMING_FAR_END_VMEAS      ; Half Signal Swing                                               ; --             ; --            ; --         ;
; OUTPUT_IO_TIMING_NEAR_END_VMEAS     ; Half Vccio                                                      ; --             ; --            ; --         ;
; OUTPUT_IO_TIMING_NEAR_END_VMEAS     ; Half Vccio                                                      ; --             ; --            ; --         ;
; PARTITION_COLOR                     ; -- (Not supported for targeted family)                          ; --             ; toplevel      ; Top        ;
; PARTITION_FITTER_PRESERVATION_LEVEL ; -- (Not supported for targeted family)                          ; --             ; toplevel      ; Top        ;
; PARTITION_NETLIST_TYPE              ; -- (Not supported for targeted family)                          ; --             ; toplevel      ; Top        ;
; POWER_BOARD_THERMAL_MODEL           ; None (CONSERVATIVE)                                             ; --             ; --            ; --         ;
; POWER_PRESET_COOLING_SOLUTION       ; 23 MM HEAT SINK WITH 200 LFPM AIRFLOW                           ; --             ; --            ; --         ;
; PROJECT_OUTPUT_DIRECTORY            ; output_files                                                    ; --             ; --            ; --         ;
; SLD_FILE                            ; traffic_light/synthesis/traffic_light.regmap                    ; --             ; --            ; --         ;
; SLD_FILE                            ; traffic_light/synthesis/traffic_light.debuginfo                 ; --             ; --            ; --         ;
; SLD_INFO                            ; QSYS_NAME traffic_light HAS_SOPCINFO 1 GENERATION_ID 1589309397 ; --             ; traffic_light ; --         ;
; SOPCINFO_FILE                       ; traffic_light/synthesis/../../traffic_light.sopcinfo            ; --             ; --            ; --         ;
; SYNTHESIS_ONLY_QIP                  ; On                                                              ; --             ; --            ; --         ;
; TOP_LEVEL_ENTITY                    ; toplevel                                                        ; traffic_lights ; --            ; --         ;
+-------------------------------------+-----------------------------------------------------------------+----------------+---------------+------------+


+--------------------------------------------------------------------------------------------------------------------------+
; Flow Elapsed Time                                                                                                        ;
+----------------------+--------------+-------------------------+---------------------+------------------------------------+
; Module Name          ; Elapsed Time ; Average Processors Used ; Peak Virtual Memory ; Total CPU Time (on all processors) ;
+----------------------+--------------+-------------------------+---------------------+------------------------------------+
; Analysis & Synthesis ; 00:00:38     ; 1.0                     ; 1119 MB             ; 00:01:18                           ;
; Fitter               ; 00:00:18     ; 1.4                     ; 1663 MB             ; 00:00:29                           ;
; Assembler            ; 00:00:05     ; 1.0                     ; 820 MB              ; 00:00:04                           ;
; Timing Analyzer      ; 00:00:06     ; 1.8                     ; 916 MB              ; 00:00:09                           ;
; EDA Netlist Writer   ; 00:00:03     ; 1.0                     ; 1120 MB             ; 00:00:03                           ;
; Total                ; 00:01:10     ; --                      ; --                  ; 00:02:03                           ;
+----------------------+--------------+-------------------------+---------------------+------------------------------------+


+------------------------------------------------------------------------------------+
; Flow OS Summary                                                                    ;
+----------------------+------------------+------------+------------+----------------+
; Module Name          ; Machine Hostname ; OS Name    ; OS Version ; Processor type ;
+----------------------+------------------+------------+------------+----------------+
; Analysis & Synthesis ; gshimabukoArch   ; Arch Linux ; Arch Linux ; x86_64         ;
; Fitter               ; gshimabukoArch   ; Arch Linux ; Arch Linux ; x86_64         ;
; Assembler            ; gshimabukoArch   ; Arch Linux ; Arch Linux ; x86_64         ;
; Timing Analyzer      ; gshimabukoArch   ; Arch Linux ; Arch Linux ; x86_64         ;
; EDA Netlist Writer   ; gshimabukoArch   ; Arch Linux ; Arch Linux ; x86_64         ;
+----------------------+------------------+------------+------------+----------------+


------------
; Flow Log ;
------------
quartus_map --read_settings_files=on --write_settings_files=off traffic_lights -c traffic_lights
quartus_fit --read_settings_files=off --write_settings_files=off traffic_lights -c traffic_lights
quartus_asm --read_settings_files=off --write_settings_files=off traffic_lights -c traffic_lights
quartus_sta traffic_lights -c traffic_lights
quartus_eda --read_settings_files=off --write_settings_files=off traffic_lights -c traffic_lights



